<?xml version="1.0" encoding="UTF-8"?>
<testng-results skipped="0" failed="0" ignored="0" total="1" passed="1">
  <reporter-output>
  </reporter-output>
  <suite name="Default suite" duration-ms="20173" started-at="2021-02-08T19:48:08 IST" finished-at="2021-02-08T19:48:28 IST">
    <groups>
    </groups>
    <test name="Default test" duration-ms="20173" started-at="2021-02-08T19:48:08 IST" finished-at="2021-02-08T19:48:28 IST">
      <class name="com.learning.testcases.extentReports.TC_ExtentReports_Tutor">
        <test-method status="PASS" signature="config()[pri:0, instance:com.learning.testcases.extentReports.TC_ExtentReports_Tutor@74650e52]" name="config" is-config="true" duration-ms="1840" started-at="2021-02-08T19:48:08 IST" finished-at="2021-02-08T19:48:10 IST">
          <reporter-output>
          </reporter-output>
        </test-method> <!-- config -->
        <test-method status="PASS" signature="initialDemo()[pri:0, instance:com.learning.testcases.extentReports.TC_ExtentReports_Tutor@74650e52]" name="initialDemo" duration-ms="18116" started-at="2021-02-08T19:48:10 IST" finished-at="2021-02-08T19:48:28 IST">
          <reporter-output>
          </reporter-output>
        </test-method> <!-- initialDemo -->
      </class> <!-- com.learning.testcases.extentReports.TC_ExtentReports_Tutor -->
    </test> <!-- Default test -->
  </suite> <!-- Default suite -->
</testng-results>
